\BOOKMARK [1][-]{section.1}{\376\377\000I\000n\000t\000r\000o\000d\000u\000c\000t\000i\000o\000n}{}% 1
\BOOKMARK [1][-]{section.2}{\376\377\000T\000h\000e\000\040\000F\000e\000l\000l\000e\000g\000i\000-\000S\000u\000n\000t\000e\000r\000\040\000F\000r\000a\000m\000e\000w\000o\000r\000k\000\040\000f\000o\000r\000\040\000R\000e\000c\000o\000r\000d\000\040\000L\000i\000n\000k\000a\000g\000e}{}% 2
\BOOKMARK [2][-]{subsection.4}{\376\377\000M\000o\000d\000e\000l\000s\000\040\000f\000o\000r\000\040\000C\000o\000m\000p\000a\000r\000i\000s\000o\000n\000\040\000V\000e\000c\000t\000o\000r\000\040\000B\000a\000s\000e\000d\000\040\000R\000e\000c\000o\000r\000d\000\040\000L\000i\000n\000k\000a\000g\000e}{section.2}% 3
\BOOKMARK [3][-]{subsubsection.7}{\376\377\000F\000a\000s\000t\000\040\000B\000e\000t\000a\000\040\000L\000i\000n\000k\000a\000g\000e}{subsection.4}% 4
\BOOKMARK [1][-]{section.10}{\376\377\000D\000i\000r\000i\000c\000h\000l\000e\000t\000\040\000R\000e\000c\000o\000r\000d\000\040\000L\000i\000n\000k\000a\000g\000e}{}% 5
\BOOKMARK [2][-]{subsection.14}{\376\377\000S\000a\000m\000p\000l\000i\000n\000g\000\040\000Z\000j}{section.10}% 6
\BOOKMARK [2][-]{subsection.17}{\376\377\000S\000u\000m\000m\000a\000r\000y\000\040\000o\000f\000\040\000G\000i\000b\000b\000s\000\040\000S\000a\000m\000p\000l\000e\000r}{section.10}% 7
\BOOKMARK [2][-]{subsection.19}{\376\377\000B\000a\000y\000e\000s\000\040\000E\000s\000t\000i\000m\000a\000t\000e}{section.10}% 8
\BOOKMARK [1][-]{section.21}{\376\377\000S\000i\000m\000u\000l\000a\000t\000i\000o\000n\000s}{}% 9
\BOOKMARK [1][-]{section.28}{\376\377\000C\000a\000s\000e\000\040\000S\000t\000u\000d\000y}{}% 10
\BOOKMARK [1][-]{section.33}{\376\377\000C\000o\000n\000c\000l\000u\000s\000i\000o\000n}{}% 11
\BOOKMARK [1][-]{section.35}{\376\377\000A\000p\000p\000e\000n\000d\000i\000x}{}% 12
\BOOKMARK [2][-]{subsection.36}{\376\377\000F\000u\000l\000l\000\040\000C\000o\000n\000d\000i\000t\000i\000o\000n\000a\000l\000\040\000f\000o\000r\000\040\000t\000h\000e\000\040\000S\000e\000t\000\040\000Z\000j}{section.35}% 13
\BOOKMARK [2][-]{subsection.37}{\376\377\000F\000u\000l\000l\000\040\000C\000o\000n\000d\000i\000t\000i\000o\000n\000a\000l\000\040\000f\000o\000r\000\040\000C\000o\000m\000p\000o\000n\000e\000n\000t\000\040\000Z\000j\000,\000\040\000k}{section.35}% 14
\BOOKMARK [2][-]{subsection.38}{\376\377\000H\000a\000s\000h\000i\000n\000g\000\040\000f\000o\000r\000\040\000E\000f\000f\000i\000c\000i\000e\000n\000t\000\040\000P\000o\000s\000t\000e\000r\000i\000o\000r\000\040\000I\000n\000f\000e\000r\000e\000n\000c\000e}{section.35}% 15
\BOOKMARK [3][-]{subsubsection.40}{\376\377\000B\000a\000t\000c\000h\000e\000d\000\040\000C\000o\000m\000p\000u\000t\000a\000t\000i\000o\000n\000\040\000o\000f\000\040\000C\000o\000m\000p\000a\000r\000i\000s\000o\000n\000\040\000V\000e\000c\000t\000o\000r\000s}{subsection.38}% 16
\BOOKMARK [2][-]{subsection.42}{\376\377\000G\000i\000b\000b\000s\000\040\000S\000a\000m\000p\000l\000e\000r}{section.35}% 17
\BOOKMARK [3][-]{subsubsection.43}{\376\377\000E\000f\000f\000i\000c\000i\000e\000n\000t\000\040\000S\000e\000q\000u\000e\000n\000t\000i\000a\000l\000\040\000S\000a\000m\000p\000l\000i\000n\000g\000\040\000f\000o\000r\000\040\000C\000o\000m\000p\000o\000n\000e\000n\000t\000s\000\040\000Z\000j\000,\000\040\000k}{subsection.42}% 18
\BOOKMARK [3][-]{subsubsection.46}{\376\377\000S\000a\000m\000p\000l\000i\000n\000g\000\040\000M\000a\000t\000c\000h\000\040\000R\000a\000t\000e\000\040\000k}{subsection.42}% 19
\BOOKMARK [3][-]{subsubsection.47}{\376\377\000F\000u\000l\000l\000\040\000C\000o\000n\000d\000i\000t\000i\000o\000n\000a\000l\000\040\000f\000o\000r\000\040\000m\000\040\000a\000n\000d\000\040\000u}{subsection.42}% 20
\BOOKMARK [2][-]{subsection.52}{\376\377\000A\000d\000d\000i\000t\000i\000o\000n\000a\000l\000\040\000S\000i\000m\000u\000l\000a\000t\000i\000o\000n}{section.35}% 21
